
C:\Users\rosschisholm\Documents\Work\Sonar Launchpad\main\obj\deviceid.o:     file format elf32-littlearm
C:\Users\rosschisholm\Documents\Work\Sonar Launchpad\main\obj\deviceid.o


Disassembly of section .text.DeviceID_SetupPID:

00000000 <DeviceID_SetupPID>:
DeviceID_SetupPID():
C:\Users\rosschisholm\Documents\Work\Sonar Launchpad\main/deviceid.c:45
extern u8 string_product[];
extern u8 string_interface[];


void DeviceID_SetupPID()
{
   0:	b470      	push	{r4, r5, r6}
C:\Users\rosschisholm\Documents\Work\Sonar Launchpad\main/deviceid.c:48
    u8 id, i, j;

    id = peek8((FLASH_BASE + CONF_REL + CONF_ID));
   2:	4b16      	ldr	r3, [pc, #88]	; (5c <DeviceID_SetupPID+0x5c>)
   4:	7818      	ldrb	r0, [r3, #0]
C:\Users\rosschisholm\Documents\Work\Sonar Launchpad\main/deviceid.c:49
    device_descriptor[10] = USBPIDS[id];
   6:	4b16      	ldr	r3, [pc, #88]	; (60 <DeviceID_SetupPID+0x60>)
   8:	5c1a      	ldrb	r2, [r3, r0]
   a:	4b16      	ldr	r3, [pc, #88]	; (64 <DeviceID_SetupPID+0x64>)
   c:	729a      	strb	r2, [r3, #10]
C:\Users\rosschisholm\Documents\Work\Sonar Launchpad\main/deviceid.c:52


    if(id)
   e:	b318      	cbz	r0, 58 <DeviceID_SetupPID+0x58>
C:\Users\rosschisholm\Documents\Work\Sonar Launchpad\main/deviceid.c:59
        {

        i=0;
        j=26;

        while (DESCRIPTORS[id][i] > 0x20)
  10:	eb00 0340 	add.w	r3, r0, r0, lsl #1
  14:	4a12      	ldr	r2, [pc, #72]	; (60 <DeviceID_SetupPID+0x60>)
  16:	18d3      	adds	r3, r2, r3
  18:	7c1a      	ldrb	r2, [r3, #16]
  1a:	2a20      	cmp	r2, #32
  1c:	d916      	bls.n	4c <DeviceID_SetupPID+0x4c>
  1e:	f04f 031a 	mov.w	r3, #26
  22:	f04f 0100 	mov.w	r1, #0
C:\Users\rosschisholm\Documents\Work\Sonar Launchpad\main/deviceid.c:61
        {
            string_interface[j] = DESCRIPTORS[id][i];
  26:	4d10      	ldr	r5, [pc, #64]	; (68 <DeviceID_SetupPID+0x68>)
C:\Users\rosschisholm\Documents\Work\Sonar Launchpad\main/deviceid.c:62
            string_product  [j] = DESCRIPTORS[id][i];
  28:	4c10      	ldr	r4, [pc, #64]	; (6c <DeviceID_SetupPID+0x6c>)
C:\Users\rosschisholm\Documents\Work\Sonar Launchpad\main/deviceid.c:59
        {

        i=0;
        j=26;

        while (DESCRIPTORS[id][i] > 0x20)
  2a:	eb00 0040 	add.w	r0, r0, r0, lsl #1
  2e:	4e0c      	ldr	r6, [pc, #48]	; (60 <DeviceID_SetupPID+0x60>)
  30:	1830      	adds	r0, r6, r0
C:\Users\rosschisholm\Documents\Work\Sonar Launchpad\main/deviceid.c:61
        {
            string_interface[j] = DESCRIPTORS[id][i];
  32:	54ea      	strb	r2, [r5, r3]
C:\Users\rosschisholm\Documents\Work\Sonar Launchpad\main/deviceid.c:62
            string_product  [j] = DESCRIPTORS[id][i];
  34:	54e2      	strb	r2, [r4, r3]
C:\Users\rosschisholm\Documents\Work\Sonar Launchpad\main/deviceid.c:63
            i++;
  36:	f101 0101 	add.w	r1, r1, #1
  3a:	b2c9      	uxtb	r1, r1
C:\Users\rosschisholm\Documents\Work\Sonar Launchpad\main/deviceid.c:64
            j+=2;
  3c:	f103 0302 	add.w	r3, r3, #2
  40:	b2db      	uxtb	r3, r3
C:\Users\rosschisholm\Documents\Work\Sonar Launchpad\main/deviceid.c:59
        {

        i=0;
        j=26;

        while (DESCRIPTORS[id][i] > 0x20)
  42:	1842      	adds	r2, r0, r1
  44:	7c12      	ldrb	r2, [r2, #16]
  46:	2a20      	cmp	r2, #32
  48:	d8f3      	bhi.n	32 <DeviceID_SetupPID+0x32>
  4a:	e001      	b.n	50 <DeviceID_SetupPID+0x50>
  4c:	f04f 031a 	mov.w	r3, #26
C:\Users\rosschisholm\Documents\Work\Sonar Launchpad\main/deviceid.c:67
            string_product  [j] = DESCRIPTORS[id][i];
            i++;
            j+=2;
        }
        // now fill in string length
        string_interface[0] = j;
  50:	4a05      	ldr	r2, [pc, #20]	; (68 <DeviceID_SetupPID+0x68>)
  52:	7013      	strb	r3, [r2, #0]
C:\Users\rosschisholm\Documents\Work\Sonar Launchpad\main/deviceid.c:68
        string_product  [0] = j;
  54:	4a05      	ldr	r2, [pc, #20]	; (6c <DeviceID_SetupPID+0x6c>)
  56:	7013      	strb	r3, [r2, #0]
C:\Users\rosschisholm\Documents\Work\Sonar Launchpad\main/deviceid.c:71
    }

}
  58:	bc70      	pop	{r4, r5, r6}
  5a:	4770      	bx	lr
  5c:	0800fc02 	.word	0x0800fc02
	...
