
C:\Users\rosschisholm\Documents\Work\Sonar Launchpad\main\obj\vegas.o:     file format elf32-littlearm
C:\Users\rosschisholm\Documents\Work\Sonar Launchpad\main\obj\vegas.o


Disassembly of section .text.Vegas_Four:

00000000 <Vegas_Four>:
Vegas_Four():
C:\Users\rosschisholm\Documents\Work\Sonar Launchpad\main/vegas.c:222

// ____________________________________________________________________________
//

void Vegas_Four(u8 Position, u8 Colour)
{
   0:	e92d 43f0 	stmdb	sp!, {r4, r5, r6, r7, r8, r9, lr}
   4:	b085      	sub	sp, #20
   6:	4605      	mov	r5, r0
   8:	ac04      	add	r4, sp, #16
   a:	f804 1d01 	strb.w	r1, [r4, #-1]!
C:\Users\rosschisholm\Documents\Work\Sonar Launchpad\main/vegas.c:225
    u8 newlocation;
    // broken rectangle radius 3 around the middle
    Darken(&Colour);
   e:	4620      	mov	r0, r4
  10:	f7ff fffe 	bl	0 <Darken>
C:\Users\rosschisholm\Documents\Work\Sonar Launchpad\main/vegas.c:226
    Darken(&Colour);
  14:	4620      	mov	r0, r4
  16:	f7ff fffe 	bl	0 <Darken>
C:\Users\rosschisholm\Documents\Work\Sonar Launchpad\main/vegas.c:227
    ScrollPlot(Position, Colour, VEGAS_BANK,  3,  0);
  1a:	f89d 100f 	ldrb.w	r1, [sp, #15]
  1e:	f04f 0600 	mov.w	r6, #0
  22:	9600      	str	r6, [sp, #0]
  24:	4628      	mov	r0, r5
  26:	f04f 0202 	mov.w	r2, #2
  2a:	f04f 0303 	mov.w	r3, #3
  2e:	f7ff fffe 	bl	0 <ScrollPlot>
C:\Users\rosschisholm\Documents\Work\Sonar Launchpad\main/vegas.c:228
    ScrollPlot(Position, Colour, VEGAS_BANK,  3,  2);
  32:	f89d 100f 	ldrb.w	r1, [sp, #15]
  36:	f04f 0402 	mov.w	r4, #2
  3a:	9400      	str	r4, [sp, #0]
  3c:	4628      	mov	r0, r5
  3e:	4622      	mov	r2, r4
  40:	f04f 0303 	mov.w	r3, #3
  44:	f7ff fffe 	bl	0 <ScrollPlot>
C:\Users\rosschisholm\Documents\Work\Sonar Launchpad\main/vegas.c:229
    ScrollPlot(Position, Colour, VEGAS_BANK,  2,  3);
  48:	f89d 100f 	ldrb.w	r1, [sp, #15]
  4c:	f04f 0703 	mov.w	r7, #3
  50:	9700      	str	r7, [sp, #0]
  52:	4628      	mov	r0, r5
  54:	4622      	mov	r2, r4
  56:	4623      	mov	r3, r4
  58:	f7ff fffe 	bl	0 <ScrollPlot>
C:\Users\rosschisholm\Documents\Work\Sonar Launchpad\main/vegas.c:230
    ScrollPlot(Position, Colour, VEGAS_BANK,  0,  3);
  5c:	f89d 100f 	ldrb.w	r1, [sp, #15]
  60:	9700      	str	r7, [sp, #0]
  62:	4628      	mov	r0, r5
  64:	4622      	mov	r2, r4
  66:	4633      	mov	r3, r6
  68:	f7ff fffe 	bl	0 <ScrollPlot>
C:\Users\rosschisholm\Documents\Work\Sonar Launchpad\main/vegas.c:231
    ScrollPlot(Position, Colour, VEGAS_BANK, -2,  3);
  6c:	f89d 100f 	ldrb.w	r1, [sp, #15]
  70:	9700      	str	r7, [sp, #0]
  72:	4628      	mov	r0, r5
  74:	4622      	mov	r2, r4
  76:	f06f 0301 	mvn.w	r3, #1
  7a:	f7ff fffe 	bl	0 <ScrollPlot>
C:\Users\rosschisholm\Documents\Work\Sonar Launchpad\main/vegas.c:232
    ScrollPlot(Position, Colour, VEGAS_BANK, -3,  2);
  7e:	f89d 100f 	ldrb.w	r1, [sp, #15]
  82:	9400      	str	r4, [sp, #0]
  84:	4628      	mov	r0, r5
  86:	4622      	mov	r2, r4
  88:	f06f 0302 	mvn.w	r3, #2
  8c:	f7ff fffe 	bl	0 <ScrollPlot>
C:\Users\rosschisholm\Documents\Work\Sonar Launchpad\main/vegas.c:233
    ScrollPlot(Position, Colour, VEGAS_BANK, -3,  0);
  90:	f89d 100f 	ldrb.w	r1, [sp, #15]
  94:	9600      	str	r6, [sp, #0]
  96:	4628      	mov	r0, r5
  98:	4622      	mov	r2, r4
  9a:	f06f 0302 	mvn.w	r3, #2
  9e:	f7ff fffe 	bl	0 <ScrollPlot>
C:\Users\rosschisholm\Documents\Work\Sonar Launchpad\main/vegas.c:234
    ScrollPlot(Position, Colour, VEGAS_BANK, -3, -2);
  a2:	f89d 100f 	ldrb.w	r1, [sp, #15]
  a6:	f06f 0901 	mvn.w	r9, #1
  aa:	f8cd 9000 	str.w	r9, [sp]
  ae:	4628      	mov	r0, r5
  b0:	4622      	mov	r2, r4
  b2:	f06f 0302 	mvn.w	r3, #2
  b6:	f7ff fffe 	bl	0 <ScrollPlot>
C:\Users\rosschisholm\Documents\Work\Sonar Launchpad\main/vegas.c:235
    ScrollPlot(Position, Colour, VEGAS_BANK, -2, -3);
  ba:	f89d 100f 	ldrb.w	r1, [sp, #15]
  be:	f06f 0802 	mvn.w	r8, #2
  c2:	f8cd 8000 	str.w	r8, [sp]
  c6:	4628      	mov	r0, r5
  c8:	4622      	mov	r2, r4
  ca:	464b      	mov	r3, r9
  cc:	f7ff fffe 	bl	0 <ScrollPlot>
C:\Users\rosschisholm\Documents\Work\Sonar Launchpad\main/vegas.c:236
    ScrollPlot(Position, Colour, VEGAS_BANK,  0, -3);
  d0:	f89d 100f 	ldrb.w	r1, [sp, #15]
  d4:	f8cd 8000 	str.w	r8, [sp]
  d8:	4628      	mov	r0, r5
  da:	4622      	mov	r2, r4
  dc:	4633      	mov	r3, r6
  de:	f7ff fffe 	bl	0 <ScrollPlot>
C:\Users\rosschisholm\Documents\Work\Sonar Launchpad\main/vegas.c:237
    ScrollPlot(Position, Colour, VEGAS_BANK,  2, -3);
  e2:	f89d 100f 	ldrb.w	r1, [sp, #15]
  e6:	f8cd 8000 	str.w	r8, [sp]
  ea:	4628      	mov	r0, r5
  ec:	4622      	mov	r2, r4
  ee:	4623      	mov	r3, r4
  f0:	f7ff fffe 	bl	0 <ScrollPlot>
C:\Users\rosschisholm\Documents\Work\Sonar Launchpad\main/vegas.c:238
    ScrollPlot(Position, Colour, VEGAS_BANK,  3, -2);
  f4:	f89d 100f 	ldrb.w	r1, [sp, #15]
  f8:	f8cd 9000 	str.w	r9, [sp]
  fc:	4628      	mov	r0, r5
  fe:	4622      	mov	r2, r4
 100:	463b      	mov	r3, r7
 102:	f7ff fffe 	bl	0 <ScrollPlot>
C:\Users\rosschisholm\Documents\Work\Sonar Launchpad\main/vegas.c:239
}
 106:	b005      	add	sp, #20
 108:	e8bd 83f0 	ldmia.w	sp!, {r4, r5, r6, r7, r8, r9, pc}

Disassembly of section .text.Vegas_Three:

00000000 <Vegas_Three>:
Vegas_Three():
C:\Users\rosschisholm\Documents\Work\Sonar Launchpad\main/vegas.c:197

// ____________________________________________________________________________
//

void Vegas_Three(u8 Position, u8 Colour)
{
   0:	e92d 43f0 	stmdb	sp!, {r4, r5, r6, r7, r8, r9, lr}
   4:	b085      	sub	sp, #20
   6:	4605      	mov	r5, r0
   8:	a804      	add	r0, sp, #16
   a:	f800 1d01 	strb.w	r1, [r0, #-1]!
C:\Users\rosschisholm\Documents\Work\Sonar Launchpad\main/vegas.c:199
    // rectangle radius 2 around the middle
    Darken(&Colour);
   e:	f7ff fffe 	bl	0 <Darken>
C:\Users\rosschisholm\Documents\Work\Sonar Launchpad\main/vegas.c:200
    ScrollPlot(Position, Colour, VEGAS_BANK,  2,  0);
  12:	f89d 100f 	ldrb.w	r1, [sp, #15]
  16:	f04f 0700 	mov.w	r7, #0
  1a:	9700      	str	r7, [sp, #0]
  1c:	4628      	mov	r0, r5
  1e:	f04f 0202 	mov.w	r2, #2
  22:	4613      	mov	r3, r2
  24:	f7ff fffe 	bl	0 <ScrollPlot>
C:\Users\rosschisholm\Documents\Work\Sonar Launchpad\main/vegas.c:201
    ScrollPlot(Position, Colour, VEGAS_BANK,  2,  1);
  28:	f89d 100f 	ldrb.w	r1, [sp, #15]
  2c:	f04f 0801 	mov.w	r8, #1
  30:	f8cd 8000 	str.w	r8, [sp]
  34:	4628      	mov	r0, r5
  36:	f04f 0202 	mov.w	r2, #2
  3a:	4613      	mov	r3, r2
  3c:	f7ff fffe 	bl	0 <ScrollPlot>
C:\Users\rosschisholm\Documents\Work\Sonar Launchpad\main/vegas.c:202
    ScrollPlot(Position, Colour, VEGAS_BANK,  2,  2);
  40:	f89d 100f 	ldrb.w	r1, [sp, #15]
  44:	f04f 0402 	mov.w	r4, #2
  48:	9400      	str	r4, [sp, #0]
  4a:	4628      	mov	r0, r5
  4c:	4622      	mov	r2, r4
  4e:	4623      	mov	r3, r4
  50:	f7ff fffe 	bl	0 <ScrollPlot>
C:\Users\rosschisholm\Documents\Work\Sonar Launchpad\main/vegas.c:203
    ScrollPlot(Position, Colour, VEGAS_BANK,  1,  2);
  54:	f89d 100f 	ldrb.w	r1, [sp, #15]
  58:	9400      	str	r4, [sp, #0]
  5a:	4628      	mov	r0, r5
  5c:	4622      	mov	r2, r4
  5e:	4643      	mov	r3, r8
  60:	f7ff fffe 	bl	0 <ScrollPlot>
C:\Users\rosschisholm\Documents\Work\Sonar Launchpad\main/vegas.c:204
    ScrollPlot(Position, Colour, VEGAS_BANK,  0,  2);
  64:	f89d 100f 	ldrb.w	r1, [sp, #15]
  68:	9400      	str	r4, [sp, #0]
  6a:	4628      	mov	r0, r5
  6c:	4622      	mov	r2, r4
  6e:	463b      	mov	r3, r7
  70:	f7ff fffe 	bl	0 <ScrollPlot>
C:\Users\rosschisholm\Documents\Work\Sonar Launchpad\main/vegas.c:205
    ScrollPlot(Position, Colour, VEGAS_BANK, -1,  2);
  74:	f89d 100f 	ldrb.w	r1, [sp, #15]
  78:	9400      	str	r4, [sp, #0]
  7a:	4628      	mov	r0, r5
  7c:	4622      	mov	r2, r4
  7e:	f04f 33ff 	mov.w	r3, #4294967295
  82:	f7ff fffe 	bl	0 <ScrollPlot>
C:\Users\rosschisholm\Documents\Work\Sonar Launchpad\main/vegas.c:206
    ScrollPlot(Position, Colour, VEGAS_BANK, -2,  2);
  86:	f89d 100f 	ldrb.w	r1, [sp, #15]
  8a:	9400      	str	r4, [sp, #0]
  8c:	4628      	mov	r0, r5
  8e:	4622      	mov	r2, r4
  90:	f06f 0301 	mvn.w	r3, #1
  94:	f7ff fffe 	bl	0 <ScrollPlot>
C:\Users\rosschisholm\Documents\Work\Sonar Launchpad\main/vegas.c:207
    ScrollPlot(Position, Colour, VEGAS_BANK, -2,  1);
  98:	f89d 100f 	ldrb.w	r1, [sp, #15]
  9c:	f8cd 8000 	str.w	r8, [sp]
  a0:	4628      	mov	r0, r5
  a2:	4622      	mov	r2, r4
  a4:	f06f 0301 	mvn.w	r3, #1
  a8:	f7ff fffe 	bl	0 <ScrollPlot>
C:\Users\rosschisholm\Documents\Work\Sonar Launchpad\main/vegas.c:208
    ScrollPlot(Position, Colour, VEGAS_BANK, -2,  0);
  ac:	f89d 100f 	ldrb.w	r1, [sp, #15]
  b0:	9700      	str	r7, [sp, #0]
  b2:	4628      	mov	r0, r5
  b4:	4622      	mov	r2, r4
  b6:	f06f 0301 	mvn.w	r3, #1
  ba:	f7ff fffe 	bl	0 <ScrollPlot>
C:\Users\rosschisholm\Documents\Work\Sonar Launchpad\main/vegas.c:209
    ScrollPlot(Position, Colour, VEGAS_BANK, -2, -1);
  be:	f89d 100f 	ldrb.w	r1, [sp, #15]
  c2:	f04f 39ff 	mov.w	r9, #4294967295
  c6:	f8cd 9000 	str.w	r9, [sp]
  ca:	4628      	mov	r0, r5
  cc:	4622      	mov	r2, r4
  ce:	f06f 0301 	mvn.w	r3, #1
  d2:	f7ff fffe 	bl	0 <ScrollPlot>
C:\Users\rosschisholm\Documents\Work\Sonar Launchpad\main/vegas.c:210
    ScrollPlot(Position, Colour, VEGAS_BANK, -2, -2);
  d6:	f89d 100f 	ldrb.w	r1, [sp, #15]
  da:	f06f 0601 	mvn.w	r6, #1
  de:	9600      	str	r6, [sp, #0]
  e0:	4628      	mov	r0, r5
  e2:	4622      	mov	r2, r4
  e4:	4633      	mov	r3, r6
  e6:	f7ff fffe 	bl	0 <ScrollPlot>
C:\Users\rosschisholm\Documents\Work\Sonar Launchpad\main/vegas.c:211
    ScrollPlot(Position, Colour, VEGAS_BANK, -1, -2);
  ea:	f89d 100f 	ldrb.w	r1, [sp, #15]
  ee:	9600      	str	r6, [sp, #0]
  f0:	4628      	mov	r0, r5
  f2:	4622      	mov	r2, r4
  f4:	464b      	mov	r3, r9
  f6:	f7ff fffe 	bl	0 <ScrollPlot>
C:\Users\rosschisholm\Documents\Work\Sonar Launchpad\main/vegas.c:212
    ScrollPlot(Position, Colour, VEGAS_BANK,  0, -2);
  fa:	f89d 100f 	ldrb.w	r1, [sp, #15]
  fe:	9600      	str	r6, [sp, #0]
 100:	4628      	mov	r0, r5
 102:	4622      	mov	r2, r4
 104:	463b      	mov	r3, r7
 106:	f7ff fffe 	bl	0 <ScrollPlot>
C:\Users\rosschisholm\Documents\Work\Sonar Launchpad\main/vegas.c:213
    ScrollPlot(Position, Colour, VEGAS_BANK,  1, -2);
 10a:	f89d 100f 	ldrb.w	r1, [sp, #15]
 10e:	9600      	str	r6, [sp, #0]
 110:	4628      	mov	r0, r5
 112:	4622      	mov	r2, r4
 114:	4643      	mov	r3, r8
 116:	f7ff fffe 	bl	0 <ScrollPlot>
C:\Users\rosschisholm\Documents\Work\Sonar Launchpad\main/vegas.c:214
    ScrollPlot(Position, Colour, VEGAS_BANK,  2, -2);
 11a:	f89d 100f 	ldrb.w	r1, [sp, #15]
 11e:	9600      	str	r6, [sp, #0]
 120:	4628      	mov	r0, r5
 122:	4622      	mov	r2, r4
 124:	4623      	mov	r3, r4
 126:	f7ff fffe 	bl	0 <ScrollPlot>
C:\Users\rosschisholm\Documents\Work\Sonar Launchpad\main/vegas.c:215
    ScrollPlot(Position, Colour, VEGAS_BANK,  2, -1);
 12a:	f89d 100f 	ldrb.w	r1, [sp, #15]
 12e:	f8cd 9000 	str.w	r9, [sp]
 132:	4628      	mov	r0, r5
 134:	4622      	mov	r2, r4
 136:	4623      	mov	r3, r4
 138:	f7ff fffe 	bl	0 <ScrollPlot>
C:\Users\rosschisholm\Documents\Work\Sonar Launchpad\main/vegas.c:216
}
 13c:	b005      	add	sp, #20
 13e:	e8bd 83f0 	ldmia.w	sp!, {r4, r5, r6, r7, r8, r9, pc}
 142:	bf00      	nop

Disassembly of section .text.Vegas_Two:

00000000 <Vegas_Two>:
Vegas_Two():
C:\Users\rosschisholm\Documents\Work\Sonar Launchpad\main/vegas.c:181

// ____________________________________________________________________________
//

void Vegas_Two(u8 Position, u8 Colour)
{
   0:	e92d 41f0 	stmdb	sp!, {r4, r5, r6, r7, r8, lr}
   4:	b082      	sub	sp, #8
   6:	4605      	mov	r5, r0
   8:	460c      	mov	r4, r1
C:\Users\rosschisholm\Documents\Work\Sonar Launchpad\main/vegas.c:183
    // rectangle around the middle
    ScrollPlot(Position, Colour, VEGAS_BANK,  1,  0);
   a:	f04f 0700 	mov.w	r7, #0
   e:	9700      	str	r7, [sp, #0]
  10:	f04f 0202 	mov.w	r2, #2
  14:	f04f 0301 	mov.w	r3, #1
  18:	f7ff fffe 	bl	0 <ScrollPlot>
C:\Users\rosschisholm\Documents\Work\Sonar Launchpad\main/vegas.c:184
    ScrollPlot(Position, Colour, VEGAS_BANK,  1,  1);
  1c:	f04f 0601 	mov.w	r6, #1
  20:	9600      	str	r6, [sp, #0]
  22:	4628      	mov	r0, r5
  24:	4621      	mov	r1, r4
  26:	f04f 0202 	mov.w	r2, #2
  2a:	4633      	mov	r3, r6
  2c:	f7ff fffe 	bl	0 <ScrollPlot>
C:\Users\rosschisholm\Documents\Work\Sonar Launchpad\main/vegas.c:185
    ScrollPlot(Position, Colour, VEGAS_BANK,  0,  1);
  30:	9600      	str	r6, [sp, #0]
  32:	4628      	mov	r0, r5
  34:	4621      	mov	r1, r4
  36:	f04f 0202 	mov.w	r2, #2
  3a:	463b      	mov	r3, r7
  3c:	f7ff fffe 	bl	0 <ScrollPlot>
C:\Users\rosschisholm\Documents\Work\Sonar Launchpad\main/vegas.c:186
    ScrollPlot(Position, Colour, VEGAS_BANK, -1,  1);
  40:	9600      	str	r6, [sp, #0]
  42:	4628      	mov	r0, r5
  44:	4621      	mov	r1, r4
  46:	f04f 0202 	mov.w	r2, #2
  4a:	f04f 33ff 	mov.w	r3, #4294967295
  4e:	f7ff fffe 	bl	0 <ScrollPlot>
C:\Users\rosschisholm\Documents\Work\Sonar Launchpad\main/vegas.c:187
    ScrollPlot(Position, Colour, VEGAS_BANK, -1,  0);
  52:	9700      	str	r7, [sp, #0]
  54:	4628      	mov	r0, r5
  56:	4621      	mov	r1, r4
  58:	f04f 0202 	mov.w	r2, #2
  5c:	f04f 33ff 	mov.w	r3, #4294967295
  60:	f7ff fffe 	bl	0 <ScrollPlot>
C:\Users\rosschisholm\Documents\Work\Sonar Launchpad\main/vegas.c:188
    ScrollPlot(Position, Colour, VEGAS_BANK, -1, -1);
  64:	f04f 38ff 	mov.w	r8, #4294967295
  68:	f8cd 8000 	str.w	r8, [sp]
  6c:	4628      	mov	r0, r5
  6e:	4621      	mov	r1, r4
  70:	f04f 0202 	mov.w	r2, #2
  74:	4643      	mov	r3, r8
  76:	f7ff fffe 	bl	0 <ScrollPlot>
C:\Users\rosschisholm\Documents\Work\Sonar Launchpad\main/vegas.c:189
    ScrollPlot(Position, Colour, VEGAS_BANK,  0, -1);
  7a:	f8cd 8000 	str.w	r8, [sp]
  7e:	4628      	mov	r0, r5
  80:	4621      	mov	r1, r4
  82:	f04f 0202 	mov.w	r2, #2
  86:	463b      	mov	r3, r7
  88:	f7ff fffe 	bl	0 <ScrollPlot>
C:\Users\rosschisholm\Documents\Work\Sonar Launchpad\main/vegas.c:190
    ScrollPlot(Position, Colour, VEGAS_BANK,  1, -1);
  8c:	f8cd 8000 	str.w	r8, [sp]
  90:	4628      	mov	r0, r5
  92:	4621      	mov	r1, r4
  94:	f04f 0202 	mov.w	r2, #2
  98:	4633      	mov	r3, r6
  9a:	f7ff fffe 	bl	0 <ScrollPlot>
C:\Users\rosschisholm\Documents\Work\Sonar Launchpad\main/vegas.c:191
}
  9e:	b002      	add	sp, #8
  a0:	e8bd 81f0 	ldmia.w	sp!, {r4, r5, r6, r7, r8, pc}

Disassembly of section .text.Vegas_One:

00000000 <Vegas_One>:
Vegas_One():
C:\Users\rosschisholm\Documents\Work\Sonar Launchpad\main/vegas.c:172
// Ripple plotting
// ____________________________________________________________________________
//

void Vegas_One(u8 Position, u8 Colour)
{
   0:	b508      	push	{r3, lr}
C:\Users\rosschisholm\Documents\Work\Sonar Launchpad\main/vegas.c:174
    // bright spot in the middle
    Plot(Position, Colour, VEGAS_BANK, NORMAL); // [0 0]
   2:	f04f 0202 	mov.w	r2, #2
   6:	f04f 0300 	mov.w	r3, #0
   a:	f7ff fffe 	bl	0 <Plot>
C:\Users\rosschisholm\Documents\Work\Sonar Launchpad\main/vegas.c:175
}
   e:	bd08      	pop	{r3, pc}

Disassembly of section .text.LoadNextRipple:

00000000 <LoadNextRipple>:
LoadNextRipple():
C:\Users\rosschisholm\Documents\Work\Sonar Launchpad\main/vegas.c:91

// ____________________________________________________________________________
//

void LoadNextRipple()
{
   0:	b4f0      	push	{r4, r5, r6, r7}
C:\Users\rosschisholm\Documents\Work\Sonar Launchpad\main/vegas.c:94
    // find the next unused entry (Status == 0) in the state silo
    u8 i = 0;
    while ((i < (NRS-1)) && (Ripple_State[i].Status))
   2:	4b1c      	ldr	r3, [pc, #112]	; (74 <LoadNextRipple+0x74>)
   4:	789b      	ldrb	r3, [r3, #2]
   6:	b193      	cbz	r3, 2e <LoadNextRipple+0x2e>
   8:	4b1a      	ldr	r3, [pc, #104]	; (74 <LoadNextRipple+0x74>)
   a:	795b      	ldrb	r3, [r3, #5]
   c:	b14b      	cbz	r3, 22 <LoadNextRipple+0x22>
   e:	4b19      	ldr	r3, [pc, #100]	; (74 <LoadNextRipple+0x74>)
  10:	7a1b      	ldrb	r3, [r3, #8]
  12:	b14b      	cbz	r3, 28 <LoadNextRipple+0x28>
  14:	4b17      	ldr	r3, [pc, #92]	; (74 <LoadNextRipple+0x74>)
  16:	7add      	ldrb	r5, [r3, #11]
  18:	2d00      	cmp	r5, #0
  1a:	bf14      	ite	ne
  1c:	2504      	movne	r5, #4
  1e:	2503      	moveq	r5, #3
  20:	e007      	b.n	32 <LoadNextRipple+0x32>
C:\Users\rosschisholm\Documents\Work\Sonar Launchpad\main/vegas.c:95
    { i++; }
  22:	f04f 0501 	mov.w	r5, #1
  26:	e004      	b.n	32 <LoadNextRipple+0x32>
  28:	f04f 0502 	mov.w	r5, #2
  2c:	e001      	b.n	32 <LoadNextRipple+0x32>
C:\Users\rosschisholm\Documents\Work\Sonar Launchpad\main/vegas.c:93
//

void LoadNextRipple()
{
    // find the next unused entry (Status == 0) in the state silo
    u8 i = 0;
  2e:	f04f 0500 	mov.w	r5, #0
C:\Users\rosschisholm\Documents\Work\Sonar Launchpad\main/vegas.c:97
    while ((i < (NRS-1)) && (Ripple_State[i].Status))
    { i++; }

    Ripple_State[i].Position = RIPPLE[NextRipple].Position;
  32:	4911      	ldr	r1, [pc, #68]	; (78 <LoadNextRipple+0x78>)
  34:	780a      	ldrb	r2, [r1, #0]
  36:	4e0f      	ldr	r6, [pc, #60]	; (74 <LoadNextRipple+0x74>)
  38:	eb05 0545 	add.w	r5, r5, r5, lsl #1
  3c:	1974      	adds	r4, r6, r5
  3e:	4b0f      	ldr	r3, [pc, #60]	; (7c <LoadNextRipple+0x7c>)
  40:	eb02 0742 	add.w	r7, r2, r2, lsl #1
  44:	19d8      	adds	r0, r3, r7
  46:	5ddf      	ldrb	r7, [r3, r7]
  48:	5577      	strb	r7, [r6, r5]
C:\Users\rosschisholm\Documents\Work\Sonar Launchpad\main/vegas.c:98
    Ripple_State[i].Colour   = RIPPLE[NextRipple].Colour;
  4a:	7845      	ldrb	r5, [r0, #1]
  4c:	7065      	strb	r5, [r4, #1]
C:\Users\rosschisholm\Documents\Work\Sonar Launchpad\main/vegas.c:99
    Ripple_State[i].Status   = 1; // opening phase count: shows there's a valid ripple starting here
  4e:	f04f 0501 	mov.w	r5, #1
  52:	70a5      	strb	r5, [r4, #2]
C:\Users\rosschisholm\Documents\Work\Sonar Launchpad\main/vegas.c:101

    DelayToNextRipple = RIPPLE[NextRipple].Status;
  54:	7884      	ldrb	r4, [r0, #2]
  56:	480a      	ldr	r0, [pc, #40]	; (80 <LoadNextRipple+0x80>)
  58:	7004      	strb	r4, [r0, #0]
C:\Users\rosschisholm\Documents\Work\Sonar Launchpad\main/vegas.c:104

    // increment NextRipple and wrap as necessary
    NextRipple++;
  5a:	1952      	adds	r2, r2, r5
  5c:	b2d2      	uxtb	r2, r2
  5e:	700a      	strb	r2, [r1, #0]
C:\Users\rosschisholm\Documents\Work\Sonar Launchpad\main/vegas.c:105
    if (RIPPLE[NextRipple].Colour == 0xFF)
  60:	eb02 0242 	add.w	r2, r2, r2, lsl #1
  64:	189b      	adds	r3, r3, r2
  66:	785b      	ldrb	r3, [r3, #1]
  68:	2bff      	cmp	r3, #255	; 0xff
C:\Users\rosschisholm\Documents\Work\Sonar Launchpad\main/vegas.c:107
    {
        NextRipple = 0;
  6a:	bf04      	itt	eq
  6c:	2200      	moveq	r2, #0
  6e:	700a      	strbeq	r2, [r1, #0]
C:\Users\rosschisholm\Documents\Work\Sonar Launchpad\main/vegas.c:109
    }
}
  70:	bcf0      	pop	{r4, r5, r6, r7}
  72:	4770      	bx	lr
	...

Disassembly of section .text.Vegas_Reset:

00000000 <Vegas_Reset>:
Vegas_Reset():
C:\Users\rosschisholm\Documents\Work\Sonar Launchpad\main/vegas.c:115

// ____________________________________________________________________________
//

void Vegas_Reset()
{
   0:	b508      	push	{r3, lr}
C:\Users\rosschisholm\Documents\Work\Sonar Launchpad\main/vegas.c:117
    u8 i;
    NextRipple = 0;
   2:	f04f 0300 	mov.w	r3, #0
   6:	4a05      	ldr	r2, [pc, #20]	; (1c <Vegas_Reset+0x1c>)
   8:	7013      	strb	r3, [r2, #0]
C:\Users\rosschisholm\Documents\Work\Sonar Launchpad\main/vegas.c:122

    // clear all states
    for (i=0; i<5; i++)
    {
        Ripple_State[i].Status = 0;
   a:	4a05      	ldr	r2, [pc, #20]	; (20 <Vegas_Reset+0x20>)
   c:	7093      	strb	r3, [r2, #2]
   e:	7153      	strb	r3, [r2, #5]
  10:	7213      	strb	r3, [r2, #8]
  12:	72d3      	strb	r3, [r2, #11]
  14:	7393      	strb	r3, [r2, #14]
C:\Users\rosschisholm\Documents\Work\Sonar Launchpad\main/vegas.c:125
    }
    // load the first ripple
    LoadNextRipple();
  16:	f7ff fffe 	bl	0 <Vegas_Reset>
C:\Users\rosschisholm\Documents\Work\Sonar Launchpad\main/vegas.c:126
}
  1a:	bd08      	pop	{r3, pc}
	...

Disassembly of section .text.Vegas_Poll:

00000000 <Vegas_Poll>:
Vegas_Poll():
C:\Users\rosschisholm\Documents\Work\Sonar Launchpad\main/vegas.c:132

// ____________________________________________________________________________
//

void Vegas_Poll()
{
   0:	b5f8      	push	{r3, r4, r5, r6, r7, lr}
C:\Users\rosschisholm\Documents\Work\Sonar Launchpad\main/vegas.c:133
    surface_vegas_blank();
   2:	f7ff fffe 	bl	0 <surface_vegas_blank>
   6:	f04f 0400 	mov.w	r4, #0
C:\Users\rosschisholm\Documents\Work\Sonar Launchpad\main/vegas.c:131
}

// ____________________________________________________________________________
//

void Vegas_Poll()
   a:	4d13      	ldr	r5, [pc, #76]	; (58 <Vegas_Poll+0x58>)
C:\Users\rosschisholm\Documents\Work\Sonar Launchpad\main/vegas.c:153
            {
                // draw the ripple: there are four stages, and our status counter counts
                // at double speed (so the whole effect can look a bit more fluid)
                jumpindex = ++Ripple_State[i].Status; // range 2-9
                jumpindex = (jumpindex >> 1) - 1;     // range 0-3
                VEGAS_JUMP[jumpindex](Ripple_State[i].Position, Ripple_State[i].Colour);
   c:	4e13      	ldr	r6, [pc, #76]	; (5c <Vegas_Poll+0x5c>)
C:\Users\rosschisholm\Documents\Work\Sonar Launchpad\main/vegas.c:145
        if (Ripple_State[i].Status)
        {
            // increment the phase of each ripple, and end as necessary
            if (Ripple_State[i].Status == NPHASE)
            {
                Ripple_State[i].Status = 0;
   e:	4627      	mov	r7, r4
C:\Users\rosschisholm\Documents\Work\Sonar Launchpad\main/vegas.c:131
}

// ____________________________________________________________________________
//

void Vegas_Poll()
  10:	1962      	adds	r2, r4, r5
C:\Users\rosschisholm\Documents\Work\Sonar Launchpad\main/vegas.c:140
    // update phases in the table
    u8 i,jumpindex;

    for (i=0; i<NRS; i++)
    {
        if (Ripple_State[i].Status)
  12:	7893      	ldrb	r3, [r2, #2]
  14:	b193      	cbz	r3, 3c <Vegas_Poll+0x3c>
C:\Users\rosschisholm\Documents\Work\Sonar Launchpad\main/vegas.c:143
        {
            // increment the phase of each ripple, and end as necessary
            if (Ripple_State[i].Status == NPHASE)
  16:	2b09      	cmp	r3, #9
  18:	d101      	bne.n	1e <Vegas_Poll+0x1e>
C:\Users\rosschisholm\Documents\Work\Sonar Launchpad\main/vegas.c:145
            {
                Ripple_State[i].Status = 0;
  1a:	7097      	strb	r7, [r2, #2]
  1c:	e00e      	b.n	3c <Vegas_Poll+0x3c>
C:\Users\rosschisholm\Documents\Work\Sonar Launchpad\main/vegas.c:151
            }
            else
            {
                // draw the ripple: there are four stages, and our status counter counts
                // at double speed (so the whole effect can look a bit more fluid)
                jumpindex = ++Ripple_State[i].Status; // range 2-9
  1e:	f103 0301 	add.w	r3, r3, #1
  22:	b2db      	uxtb	r3, r3
  24:	7093      	strb	r3, [r2, #2]
C:\Users\rosschisholm\Documents\Work\Sonar Launchpad\main/vegas.c:152
                jumpindex = (jumpindex >> 1) - 1;     // range 0-3
  26:	ea4f 0353 	mov.w	r3, r3, lsr #1
  2a:	f103 33ff 	add.w	r3, r3, #4294967295
C:\Users\rosschisholm\Documents\Work\Sonar Launchpad\main/vegas.c:153
                VEGAS_JUMP[jumpindex](Ripple_State[i].Position, Ripple_State[i].Colour);
  2e:	b2db      	uxtb	r3, r3
  30:	eb06 0383 	add.w	r3, r6, r3, lsl #2
  34:	6d5b      	ldr	r3, [r3, #84]	; 0x54
  36:	5d28      	ldrb	r0, [r5, r4]
  38:	7851      	ldrb	r1, [r2, #1]
  3a:	4798      	blx	r3
  3c:	f104 0403 	add.w	r4, r4, #3
C:\Users\rosschisholm\Documents\Work\Sonar Launchpad\main/vegas.c:138
    surface_vegas_blank();

    // update phases in the table
    u8 i,jumpindex;

    for (i=0; i<NRS; i++)
  40:	2c0f      	cmp	r4, #15
  42:	d1e5      	bne.n	10 <Vegas_Poll+0x10>
C:\Users\rosschisholm\Documents\Work\Sonar Launchpad\main/vegas.c:158
                VEGAS_JUMP[jumpindex](Ripple_State[i].Position, Ripple_State[i].Colour);
            }
        }
    }

    if (!--DelayToNextRipple)
  44:	4a06      	ldr	r2, [pc, #24]	; (60 <Vegas_Poll+0x60>)
  46:	7813      	ldrb	r3, [r2, #0]
  48:	f103 33ff 	add.w	r3, r3, #4294967295
  4c:	b2db      	uxtb	r3, r3
  4e:	7013      	strb	r3, [r2, #0]
  50:	b90b      	cbnz	r3, 56 <Vegas_Poll+0x56>
C:\Users\rosschisholm\Documents\Work\Sonar Launchpad\main/vegas.c:160
    {
        LoadNextRipple();
  52:	f7ff fffe 	bl	0 <Vegas_Poll>
  56:	bdf8      	pop	{r3, r4, r5, r6, r7, pc}
	...
